<?xml version="1.0" encoding="UTF-8"?>
<robot generator="Robot 6.1.1 (Python 3.12.3 on linux)" generated="20241114 22:19:03.682" rpa="false" schemaversion="4">
<suite id="s1" name="Register" source="/home/hanska/repos/palautusrepositorio/viikko3/web-login/src/tests/register.robot">
<kw name="Open And Configure Browser" library="resource" type="SETUP">
<if>
<branch type="IF" condition="$BROWSER == 'chrome'">
<kw name="Evaluate" library="BuiltIn">
<var>${options}</var>
<arg>sys.modules['selenium.webdriver'].ChromeOptions()</arg>
<arg>sys</arg>
<doc>Evaluates the given expression in Python and returns the result.</doc>
<msg timestamp="20241114 22:19:03.879" level="INFO">${options} = &lt;selenium.webdriver.chrome.options.Options object at 0x7e63161639b0&gt;</msg>
<status status="PASS" starttime="20241114 22:19:03.879" endtime="20241114 22:19:03.879"/>
</kw>
<status status="PASS" starttime="20241114 22:19:03.879" endtime="20241114 22:19:03.879"/>
</branch>
<branch type="ELSE IF" condition="$BROWSER == 'firefox'">
<kw name="Evaluate" library="BuiltIn">
<var>${options}</var>
<arg>sys.modules['selenium.webdriver'].FirefoxOptions()</arg>
<arg>sys</arg>
<doc>Evaluates the given expression in Python and returns the result.</doc>
<status status="NOT RUN" starttime="20241114 22:19:03.879" endtime="20241114 22:19:03.879"/>
</kw>
<status status="NOT RUN" starttime="20241114 22:19:03.879" endtime="20241114 22:19:03.879"/>
</branch>
<status status="PASS" starttime="20241114 22:19:03.878" endtime="20241114 22:19:03.879"/>
</if>
<if>
<branch type="IF" condition="$HEADLESS == 'true'">
<kw name="Set Selenium Speed" library="SeleniumLibrary">
<arg>0</arg>
<doc>Sets the delay that is waited after each Selenium command.</doc>
<status status="NOT RUN" starttime="20241114 22:19:03.880" endtime="20241114 22:19:03.880"/>
</kw>
<kw name="Call Method" library="BuiltIn">
<arg>${options}</arg>
<arg>add_argument</arg>
<arg>--headless</arg>
<doc>Calls the named method of the given object with the provided arguments.</doc>
<status status="NOT RUN" starttime="20241114 22:19:03.880" endtime="20241114 22:19:03.880"/>
</kw>
<status status="NOT RUN" starttime="20241114 22:19:03.879" endtime="20241114 22:19:03.880"/>
</branch>
<branch type="ELSE">
<kw name="Set Selenium Speed" library="SeleniumLibrary">
<arg>${DELAY}</arg>
<doc>Sets the delay that is waited after each Selenium command.</doc>
<status status="PASS" starttime="20241114 22:19:03.880" endtime="20241114 22:19:03.880"/>
</kw>
<status status="PASS" starttime="20241114 22:19:03.880" endtime="20241114 22:19:03.880"/>
</branch>
<status status="PASS" starttime="20241114 22:19:03.879" endtime="20241114 22:19:03.880"/>
</if>
<kw name="Open Browser" library="SeleniumLibrary">
<arg>browser=${BROWSER}</arg>
<arg>options=${options}</arg>
<doc>Opens a new browser instance to the optional ``url``.</doc>
<msg timestamp="20241114 22:19:03.880" level="INFO">Opening browser 'chrome' to base url 'None'.</msg>
<status status="PASS" starttime="20241114 22:19:03.880" endtime="20241114 22:19:04.727"/>
</kw>
<status status="PASS" starttime="20241114 22:19:03.878" endtime="20241114 22:19:04.727"/>
</kw>
<test id="s1-t1" name="Register With Username That Is Already In Use" line="45">
<kw name="Reset Application Create User And Go To Register Page" type="SETUP">
<kw name="Reset Application" library="AppLibrary">
<status status="PASS" starttime="20241114 22:19:04.729" endtime="20241114 22:19:04.734"/>
</kw>
<kw name="Go To Register Page">
<kw name="Go To" library="SeleniumLibrary">
<arg>${REGISTER_URL}</arg>
<doc>Navigates the current browser window to the provided ``url``.</doc>
<msg timestamp="20241114 22:19:04.735" level="INFO">Opening url 'http://localhost:5001/register'</msg>
<status status="PASS" starttime="20241114 22:19:04.735" endtime="20241114 22:19:05.315"/>
</kw>
<status status="PASS" starttime="20241114 22:19:04.735" endtime="20241114 22:19:05.316"/>
</kw>
<status status="PASS" starttime="20241114 22:19:04.728" endtime="20241114 22:19:05.316"/>
</kw>
<kw name="Create User" library="AppLibrary">
<arg>Piia</arg>
<arg>kalle123</arg>
<status status="PASS" starttime="20241114 22:19:05.316" endtime="20241114 22:19:05.323"/>
</kw>
<kw name="Set Username">
<arg>Piia</arg>
<kw name="Input Text" library="SeleniumLibrary">
<arg>username</arg>
<arg>${username}</arg>
<doc>Types the given ``text`` into the text field identified by ``locator``.</doc>
<msg timestamp="20241114 22:19:05.324" level="INFO">Typing text 'Piia' into text field 'username'.</msg>
<status status="PASS" starttime="20241114 22:19:05.324" endtime="20241114 22:19:06.972"/>
</kw>
<status status="PASS" starttime="20241114 22:19:05.323" endtime="20241114 22:19:06.972"/>
</kw>
<kw name="Set Password">
<arg>Kirre123</arg>
<kw name="Input Password" library="SeleniumLibrary">
<arg>password</arg>
<arg>${password}</arg>
<doc>Types the given password into the text field identified by ``locator``.</doc>
<msg timestamp="20241114 22:19:06.973" level="INFO">Typing password into text field 'password'.</msg>
<msg timestamp="20241114 22:19:08.035" level="INFO">Temporally setting log level to: NONE</msg>
<msg timestamp="20241114 22:19:08.607" level="INFO">Log level changed from NONE to INFO.</msg>
<status status="PASS" starttime="20241114 22:19:06.972" endtime="20241114 22:19:08.608"/>
</kw>
<status status="PASS" starttime="20241114 22:19:06.972" endtime="20241114 22:19:08.608"/>
</kw>
<kw name="Set Password_confirmation">
<arg>Kirre123</arg>
<kw name="Input Password" library="SeleniumLibrary">
<arg>password_confirmation</arg>
<arg>${password_confirmation}</arg>
<doc>Types the given password into the text field identified by ``locator``.</doc>
<msg timestamp="20241114 22:19:08.610" level="INFO">Typing password into text field 'password_confirmation'.</msg>
<msg timestamp="20241114 22:19:09.677" level="INFO">Temporally setting log level to: NONE</msg>
<msg timestamp="20241114 22:19:10.259" level="INFO">Log level changed from NONE to INFO.</msg>
<status status="PASS" starttime="20241114 22:19:08.609" endtime="20241114 22:19:10.259"/>
</kw>
<status status="PASS" starttime="20241114 22:19:08.608" endtime="20241114 22:19:10.260"/>
</kw>
<kw name="Submit Credentials">
<kw name="Click Button" library="SeleniumLibrary">
<arg>Register</arg>
<doc>Clicks the button identified by ``locator``.</doc>
<msg timestamp="20241114 22:19:10.262" level="INFO">Clicking button 'Register'.</msg>
<status status="PASS" starttime="20241114 22:19:10.261" endtime="20241114 22:19:12.448"/>
</kw>
<status status="PASS" starttime="20241114 22:19:10.260" endtime="20241114 22:19:12.449"/>
</kw>
<kw name="Register Should Fail With Message">
<arg>User with username Piia already exists</arg>
<kw name="Register Page Should Be Open">
<kw name="Title Should Be" library="SeleniumLibrary">
<arg>Register</arg>
<doc>Verifies that the current page title equals ``title``.</doc>
<msg timestamp="20241114 22:19:12.968" level="INFO">Page title is 'Register'.</msg>
<status status="PASS" starttime="20241114 22:19:12.450" endtime="20241114 22:19:12.969"/>
</kw>
<status status="PASS" starttime="20241114 22:19:12.450" endtime="20241114 22:19:12.969"/>
</kw>
<kw name="Page Should Contain" library="SeleniumLibrary">
<arg>${message}</arg>
<doc>Verifies that current page contains ``text``.</doc>
<msg timestamp="20241114 22:19:14.018" level="INFO">Current page contains text 'User with username Piia already exists'.</msg>
<status status="PASS" starttime="20241114 22:19:12.969" endtime="20241114 22:19:14.018"/>
</kw>
<status status="PASS" starttime="20241114 22:19:12.449" endtime="20241114 22:19:14.018"/>
</kw>
<status status="PASS" starttime="20241114 22:19:04.727" endtime="20241114 22:19:14.018"/>
</test>
<kw name="Close Browser" library="SeleniumLibrary" type="TEARDOWN">
<doc>Closes the current browser.</doc>
<status status="PASS" starttime="20241114 22:19:14.020" endtime="20241114 22:19:14.628"/>
</kw>
<status status="PASS" starttime="20241114 22:19:03.683" endtime="20241114 22:19:14.628"/>
</suite>
<statistics>
<total>
<stat pass="1" fail="0" skip="0">All Tests</stat>
</total>
<tag>
</tag>
<suite>
<stat pass="1" fail="0" skip="0" id="s1" name="Register">Register</stat>
</suite>
</statistics>
<errors>
<msg timestamp="20241114 22:19:03.877" level="ERROR">Error in file '/home/hanska/repos/palautusrepositorio/viikko3/web-login/src/tests/home.robot' on line 3: Setting 'Suite Setup' is not allowed in resource file.</msg>
<msg timestamp="20241114 22:19:03.877" level="ERROR">Error in file '/home/hanska/repos/palautusrepositorio/viikko3/web-login/src/tests/home.robot' on line 4: Setting 'Suite Teardown' is not allowed in resource file.</msg>
<msg timestamp="20241114 22:19:03.877" level="ERROR">Error in file '/home/hanska/repos/palautusrepositorio/viikko3/web-login/src/tests/home.robot' on line 5: Setting 'Test Setup' is not allowed in resource file.</msg>
<msg timestamp="20241114 22:19:03.877" level="ERROR">Error in file '/home/hanska/repos/palautusrepositorio/viikko3/web-login/src/tests/register.robot' on line 3: Error in file '/home/hanska/repos/palautusrepositorio/viikko3/web-login/src/tests/home.robot' on line 7: Resource file with 'Test Cases' section is invalid.</msg>
</errors>
</robot>
